<?xml version="1.0" encoding="UTF-8"?>
<!-- Generated by org.testng.reporters.JUnitReportReporter -->
<testsuite hostname="DESKTOP-F7CSG0V" failures="0" tests="1" name="smoke.homepage.LoadingTest" time="2.433" errors="0" timestamp="2025-08-13T19:50:20 EDT" skipped="0">
  <testcase classname="smoke.homepage.LoadingTest" name="testHomePageLoads" time="2.433"/>
</testsuite> <!-- smoke.homepage.LoadingTest -->
