<?xml version="1.0" encoding="UTF-8"?>
<!-- Generated by org.testng.reporters.JUnitReportReporter -->
<testsuite hostname="DESKTOP-F7CSG0V" failures="0" tests="1" name="smoke.signup_login.LoginLogoutTest" time="4.643" errors="0" timestamp="2025-08-14T09:59:06 EDT" skipped="0">
  <testcase classname="smoke.signup_login.LoginLogoutTest" name="verifyLogoutFunctionality" time="4.643"/>
</testsuite> <!-- smoke.signup_login.LoginLogoutTest -->
