<?xml version="1.0" encoding="UTF-8"?>
<!-- Generated by org.testng.reporters.JUnitReportReporter -->
<testsuite hostname="DESKTOP-F7CSG0V" failures="0" tests="1" name="smoke.HomePageSmokeTest" time="2.648" errors="0" timestamp="2025-07-24T21:01:07 EDT" skipped="0">
  <testcase classname="smoke.HomePageSmokeTest" name="testHomePageLoads" time="2.648"/>
</testsuite> <!-- smoke.HomePageSmokeTest -->
