<?xml version="1.0" encoding="UTF-8"?>
<!-- Generated by org.testng.reporters.JUnitReportReporter -->
<testsuite hostname="DESKTOP-F7CSG0V" failures="0" tests="8" name="smoke.homepage.NavBarTests" time="17.124" errors="0" timestamp="2025-08-13T19:50:20 EDT" skipped="0">
  <testcase classname="smoke.homepage.NavBarTests" name="productsNavBarVisibleAndClickable" time="1.984"/>
  <testcase classname="smoke.homepage.NavBarTests" name="apiTestingNavBarVisibleAndClickable" time="2.142"/>
  <testcase classname="smoke.homepage.NavBarTests" name="videoTutorialsNavBarVisibleAndClickable" time="2.979"/>
  <testcase classname="smoke.homepage.NavBarTests" name="homeNavBarVisibleAndClickable" time="2.008"/>
  <testcase classname="smoke.homepage.NavBarTests" name="signUpLoginNavBarVisibleAndClickable" time="1.898"/>
  <testcase classname="smoke.homepage.NavBarTests" name="cartNavBarVisibleAndClickable" time="2.171"/>
  <testcase classname="smoke.homepage.NavBarTests" name="contactUsNavBarVisibleAndClickable" time="2.004"/>
  <testcase classname="smoke.homepage.NavBarTests" name="testCasesNavBarVisibleAndClickable" time="1.938"/>
</testsuite> <!-- smoke.homepage.NavBarTests -->
