<?xml version="1.0" encoding="UTF-8"?>
<!-- Generated by org.testng.reporters.JUnitReportReporter -->
<testsuite hostname="DESKTOP-F7CSG0V" failures="0" tests="1" name="base.BaseTest" time="1.763" errors="0" timestamp="2025-07-22T19:22:06 EDT" skipped="0">
  <testcase classname="base.BaseTest" name="test1" time="1.763"/>
</testsuite> <!-- base.BaseTest -->
