<?xml version="1.0" encoding="UTF-8"?>
<!-- Generated by org.testng.reporters.JUnitReportReporter -->
<testsuite hostname="DESKTOP-F7CSG0V" failures="0" tests="3" name="smoke.signup_login.NewUserSignUpTest" time="29.696" errors="0" timestamp="2025-08-13T19:50:20 EDT" skipped="0">
  <testcase classname="smoke.signup_login.NewUserSignUpTest" name="verifySignUpFormHeaderVisibility" time="1.999"/>
  <testcase classname="smoke.signup_login.NewUserSignUpTest" name="verifySignUpFormFunctionality" time="12.754"/>
  <testcase classname="smoke.signup_login.NewUserSignUpTest" name="verifySignUpAccountInformationFunctionality" time="14.943"/>
</testsuite> <!-- smoke.signup_login.NewUserSignUpTest -->
