<?xml version="1.0" encoding="UTF-8"?>
<!-- Generated by org.testng.reporters.JUnitReportReporter -->
<testsuite hostname="DESKTOP-F7CSG0V" failures="0" tests="2" name="smoke.signup_login.UserLoginTest" time="4.331" errors="0" timestamp="2025-08-13T19:50:20 EDT" skipped="0">
  <testcase classname="smoke.signup_login.UserLoginTest" name="verifyLoginFormHeader" time="1.669"/>
  <testcase classname="smoke.signup_login.UserLoginTest" name="verifyLoginFormFunctionality" time="2.662"/>
</testsuite> <!-- smoke.signup_login.UserLoginTest -->
